<?xml version="1.0" encoding="UTF-8"?>
<!-- Generated by org.testng.reporters.JUnitReportReporter -->
<testsuite hostname="EKA-BLR-L0635" failures="0" tests="1" name="org.trmga.Ags.contract.ConfigurationAnnotationDemo" time="7.706" errors="0" timestamp="2026-04-22T15:19:01 IST" skipped="0">
  <testcase classname="org.trmga.Ags.contract.ConfigurationAnnotationDemo" name="login" time="7.706">
    <system-out>
      <![CDATA[login]]>
    </system-out>
  </testcase> <!-- login -->
  <system-out>
    <![CDATA[before class- browser
before method - login
login
after method - logout
after class- close browser]]>
  </system-out>
</testsuite> <!-- org.trmga.Ags.contract.ConfigurationAnnotationDemo -->
