<?xml version="1.0" encoding="UTF-8"?>
<testng-results ignored="0" total="1" passed="1" failed="0" skipped="0">
  <reporter-output>
    <line>
      <![CDATA[before class- browser]]>
    </line>
    <line>
      <![CDATA[before method - login]]>
    </line>
    <line>
      <![CDATA[login]]>
    </line>
    <line>
      <![CDATA[after method - logout]]>
    </line>
    <line>
      <![CDATA[after class- close browser]]>
    </line>
  </reporter-output>
  <suite started-at="2026-04-22T15:18:50 IST" name="Default suite" finished-at="2026-04-22T15:19:01 IST" duration-ms="10598">
    <groups>
    </groups>
    <test started-at="2026-04-22T15:18:50 IST" name="Default test" finished-at="2026-04-22T15:19:01 IST" duration-ms="10598">
      <class name="org.trmga.Ags.contract.ConfigurationAnnotationDemo">
        <test-method is-config="true" signature="bc()[pri:0, instance:org.trmga.Ags.contract.ConfigurationAnnotationDemo@6025e1b6]" started-at="2026-04-22T15:18:50 IST" name="bc" finished-at="2026-04-22T15:18:53 IST" duration-ms="2541" status="PASS">
          <reporter-output>
            <line>
              <![CDATA[before class- browser]]>
            </line>
          </reporter-output>
        </test-method> <!-- bc -->
        <test-method is-config="true" signature="bm()[pri:0, instance:org.trmga.Ags.contract.ConfigurationAnnotationDemo@6025e1b6]" started-at="2026-04-22T15:18:53 IST" name="bm" finished-at="2026-04-22T15:18:53 IST" duration-ms="430" status="PASS">
          <reporter-output>
            <line>
              <![CDATA[before method - login]]>
            </line>
          </reporter-output>
        </test-method> <!-- bm -->
        <test-method signature="login()[pri:0, instance:org.trmga.Ags.contract.ConfigurationAnnotationDemo@6025e1b6]" started-at="2026-04-22T15:18:53 IST" name="login" finished-at="2026-04-22T15:18:59 IST" duration-ms="5870" status="PASS">
          <reporter-output>
            <line>
              <![CDATA[login]]>
            </line>
          </reporter-output>
        </test-method> <!-- login -->
        <test-method is-config="true" signature="am()[pri:0, instance:org.trmga.Ags.contract.ConfigurationAnnotationDemo@6025e1b6]" started-at="2026-04-22T15:18:59 IST" name="am" finished-at="2026-04-22T15:19:01 IST" duration-ms="1406" status="PASS">
          <reporter-output>
            <line>
              <![CDATA[after method - logout]]>
            </line>
          </reporter-output>
        </test-method> <!-- am -->
        <test-method is-config="true" signature="ac()[pri:0, instance:org.trmga.Ags.contract.ConfigurationAnnotationDemo@6025e1b6]" started-at="2026-04-22T15:19:01 IST" name="ac" finished-at="2026-04-22T15:19:01 IST" duration-ms="298" status="PASS">
          <reporter-output>
            <line>
              <![CDATA[after class- close browser]]>
            </line>
          </reporter-output>
        </test-method> <!-- ac -->
      </class> <!-- org.trmga.Ags.contract.ConfigurationAnnotationDemo -->
    </test> <!-- Default test -->
  </suite> <!-- Default suite -->
</testng-results>
